CRITICAL - 2025-03-15 02:18:45 --> CodeIgniter\View\Exceptions\ViewException: Invalid file: "mahasiswa_hardcoded.php"
[Method: GET, Route: mahasiswa]
in SYSTEMPATH/Exceptions/FrameworkException.php on line 39.
 1 SYSTEMPATH/View/View.php(212): CodeIgniter\Exceptions\FrameworkException::forInvalidFile('mahasiswa_hardcoded.php')
 2 SYSTEMPATH/Common.php(1173): CodeIgniter\View\View->render('mahasiswa_hardcoded', [], true)
 3 APPPATH/Controllers/Mahasiswa.php(11): view('mahasiswa_hardcoded')
 4 SYSTEMPATH/CodeIgniter.php(933): App\Controllers\Mahasiswa->hardcoded()
 5 SYSTEMPATH/CodeIgniter.php(507): CodeIgniter\CodeIgniter->runController(Object(App\Controllers\Mahasiswa))
 6 SYSTEMPATH/CodeIgniter.php(354): CodeIgniter\CodeIgniter->handleRequest(null, Object(Config\Cache), false)
 7 SYSTEMPATH/Boot.php(334): CodeIgniter\CodeIgniter->run()
 8 SYSTEMPATH/Boot.php(67): CodeIgniter\Boot::runCodeIgniter(Object(CodeIgniter\CodeIgniter))
 9 FCPATH/index.php(56): CodeIgniter\Boot::bootWeb(Object(Config\Paths))
10 SYSTEMPATH/rewrite.php(44): require_once('/Applications/XAMPP/xamppfiles/htdocs/codeigniter/public/index.php')
CRITICAL - 2025-03-15 02:18:46 --> CodeIgniter\View\Exceptions\ViewException: Invalid file: "mahasiswa_hardcoded.php"
[Method: GET, Route: mahasiswa]
in SYSTEMPATH/Exceptions/FrameworkException.php on line 39.
 1 SYSTEMPATH/View/View.php(212): CodeIgniter\Exceptions\FrameworkException::forInvalidFile('mahasiswa_hardcoded.php')
 2 SYSTEMPATH/Common.php(1173): CodeIgniter\View\View->render('mahasiswa_hardcoded', [], true)
 3 APPPATH/Controllers/Mahasiswa.php(11): view('mahasiswa_hardcoded')
 4 SYSTEMPATH/CodeIgniter.php(933): App\Controllers\Mahasiswa->hardcoded()
 5 SYSTEMPATH/CodeIgniter.php(507): CodeIgniter\CodeIgniter->runController(Object(App\Controllers\Mahasiswa))
 6 SYSTEMPATH/CodeIgniter.php(354): CodeIgniter\CodeIgniter->handleRequest(null, Object(Config\Cache), false)
 7 SYSTEMPATH/Boot.php(334): CodeIgniter\CodeIgniter->run()
 8 SYSTEMPATH/Boot.php(67): CodeIgniter\Boot::runCodeIgniter(Object(CodeIgniter\CodeIgniter))
 9 FCPATH/index.php(56): CodeIgniter\Boot::bootWeb(Object(Config\Paths))
10 SYSTEMPATH/rewrite.php(44): require_once('/Applications/XAMPP/xamppfiles/htdocs/codeigniter/public/index.php')
CRITICAL - 2025-03-15 02:19:16 --> CodeIgniter\View\Exceptions\ViewException: Invalid file: "mahasiswa_hardcoded.php"
[Method: GET, Route: mahasiswa]
in SYSTEMPATH/Exceptions/FrameworkException.php on line 39.
 1 SYSTEMPATH/View/View.php(212): CodeIgniter\Exceptions\FrameworkException::forInvalidFile('mahasiswa_hardcoded.php')
 2 SYSTEMPATH/Common.php(1173): CodeIgniter\View\View->render('mahasiswa_hardcoded', [], true)
 3 APPPATH/Controllers/Mahasiswa.php(11): view('mahasiswa_hardcoded')
 4 SYSTEMPATH/CodeIgniter.php(933): App\Controllers\Mahasiswa->hardcoded()
 5 SYSTEMPATH/CodeIgniter.php(507): CodeIgniter\CodeIgniter->runController(Object(App\Controllers\Mahasiswa))
 6 SYSTEMPATH/CodeIgniter.php(354): CodeIgniter\CodeIgniter->handleRequest(null, Object(Config\Cache), false)
 7 SYSTEMPATH/Boot.php(334): CodeIgniter\CodeIgniter->run()
 8 SYSTEMPATH/Boot.php(67): CodeIgniter\Boot::runCodeIgniter(Object(CodeIgniter\CodeIgniter))
 9 FCPATH/index.php(56): CodeIgniter\Boot::bootWeb(Object(Config\Paths))
10 SYSTEMPATH/rewrite.php(44): require_once('/Applications/XAMPP/xamppfiles/htdocs/codeigniter/public/index.php')
CRITICAL - 2025-03-15 02:19:17 --> CodeIgniter\View\Exceptions\ViewException: Invalid file: "mahasiswa_hardcoded.php"
[Method: GET, Route: mahasiswa]
in SYSTEMPATH/Exceptions/FrameworkException.php on line 39.
 1 SYSTEMPATH/View/View.php(212): CodeIgniter\Exceptions\FrameworkException::forInvalidFile('mahasiswa_hardcoded.php')
 2 SYSTEMPATH/Common.php(1173): CodeIgniter\View\View->render('mahasiswa_hardcoded', [], true)
 3 APPPATH/Controllers/Mahasiswa.php(11): view('mahasiswa_hardcoded')
 4 SYSTEMPATH/CodeIgniter.php(933): App\Controllers\Mahasiswa->hardcoded()
 5 SYSTEMPATH/CodeIgniter.php(507): CodeIgniter\CodeIgniter->runController(Object(App\Controllers\Mahasiswa))
 6 SYSTEMPATH/CodeIgniter.php(354): CodeIgniter\CodeIgniter->handleRequest(null, Object(Config\Cache), false)
 7 SYSTEMPATH/Boot.php(334): CodeIgniter\CodeIgniter->run()
 8 SYSTEMPATH/Boot.php(67): CodeIgniter\Boot::runCodeIgniter(Object(CodeIgniter\CodeIgniter))
 9 FCPATH/index.php(56): CodeIgniter\Boot::bootWeb(Object(Config\Paths))
10 SYSTEMPATH/rewrite.php(44): require_once('/Applications/XAMPP/xamppfiles/htdocs/codeigniter/public/index.php')
CRITICAL - 2025-03-15 02:19:17 --> CodeIgniter\View\Exceptions\ViewException: Invalid file: "mahasiswa_hardcoded.php"
[Method: GET, Route: mahasiswa]
in SYSTEMPATH/Exceptions/FrameworkException.php on line 39.
 1 SYSTEMPATH/View/View.php(212): CodeIgniter\Exceptions\FrameworkException::forInvalidFile('mahasiswa_hardcoded.php')
 2 SYSTEMPATH/Common.php(1173): CodeIgniter\View\View->render('mahasiswa_hardcoded', [], true)
 3 APPPATH/Controllers/Mahasiswa.php(11): view('mahasiswa_hardcoded')
 4 SYSTEMPATH/CodeIgniter.php(933): App\Controllers\Mahasiswa->hardcoded()
 5 SYSTEMPATH/CodeIgniter.php(507): CodeIgniter\CodeIgniter->runController(Object(App\Controllers\Mahasiswa))
 6 SYSTEMPATH/CodeIgniter.php(354): CodeIgniter\CodeIgniter->handleRequest(null, Object(Config\Cache), false)
 7 SYSTEMPATH/Boot.php(334): CodeIgniter\CodeIgniter->run()
 8 SYSTEMPATH/Boot.php(67): CodeIgniter\Boot::runCodeIgniter(Object(CodeIgniter\CodeIgniter))
 9 FCPATH/index.php(56): CodeIgniter\Boot::bootWeb(Object(Config\Paths))
10 SYSTEMPATH/rewrite.php(44): require_once('/Applications/XAMPP/xamppfiles/htdocs/codeigniter/public/index.php')
CRITICAL - 2025-03-15 02:19:19 --> CodeIgniter\View\Exceptions\ViewException: Invalid file: "mahasiswa_hardcoded.php"
[Method: GET, Route: mahasiswa]
in SYSTEMPATH/Exceptions/FrameworkException.php on line 39.
 1 SYSTEMPATH/View/View.php(212): CodeIgniter\Exceptions\FrameworkException::forInvalidFile('mahasiswa_hardcoded.php')
 2 SYSTEMPATH/Common.php(1173): CodeIgniter\View\View->render('mahasiswa_hardcoded', [], true)
 3 APPPATH/Controllers/Mahasiswa.php(11): view('mahasiswa_hardcoded')
 4 SYSTEMPATH/CodeIgniter.php(933): App\Controllers\Mahasiswa->hardcoded()
 5 SYSTEMPATH/CodeIgniter.php(507): CodeIgniter\CodeIgniter->runController(Object(App\Controllers\Mahasiswa))
 6 SYSTEMPATH/CodeIgniter.php(354): CodeIgniter\CodeIgniter->handleRequest(null, Object(Config\Cache), false)
 7 SYSTEMPATH/Boot.php(334): CodeIgniter\CodeIgniter->run()
 8 SYSTEMPATH/Boot.php(67): CodeIgniter\Boot::runCodeIgniter(Object(CodeIgniter\CodeIgniter))
 9 FCPATH/index.php(56): CodeIgniter\Boot::bootWeb(Object(Config\Paths))
10 SYSTEMPATH/rewrite.php(44): require_once('/Applications/XAMPP/xamppfiles/htdocs/codeigniter/public/index.php')
CRITICAL - 2025-03-15 02:19:19 --> CodeIgniter\View\Exceptions\ViewException: Invalid file: "mahasiswa_hardcoded.php"
[Method: GET, Route: mahasiswa]
in SYSTEMPATH/Exceptions/FrameworkException.php on line 39.
 1 SYSTEMPATH/View/View.php(212): CodeIgniter\Exceptions\FrameworkException::forInvalidFile('mahasiswa_hardcoded.php')
 2 SYSTEMPATH/Common.php(1173): CodeIgniter\View\View->render('mahasiswa_hardcoded', [], true)
 3 APPPATH/Controllers/Mahasiswa.php(11): view('mahasiswa_hardcoded')
 4 SYSTEMPATH/CodeIgniter.php(933): App\Controllers\Mahasiswa->hardcoded()
 5 SYSTEMPATH/CodeIgniter.php(507): CodeIgniter\CodeIgniter->runController(Object(App\Controllers\Mahasiswa))
 6 SYSTEMPATH/CodeIgniter.php(354): CodeIgniter\CodeIgniter->handleRequest(null, Object(Config\Cache), false)
 7 SYSTEMPATH/Boot.php(334): CodeIgniter\CodeIgniter->run()
 8 SYSTEMPATH/Boot.php(67): CodeIgniter\Boot::runCodeIgniter(Object(CodeIgniter\CodeIgniter))
 9 FCPATH/index.php(56): CodeIgniter\Boot::bootWeb(Object(Config\Paths))
10 SYSTEMPATH/rewrite.php(44): require_once('/Applications/XAMPP/xamppfiles/htdocs/codeigniter/public/index.php')
